#
# There is insufficient memory for the Java Runtime Environment to continue.
# Native memory allocation (malloc) failed to allocate 2097152 bytes. Error detail: AllocateHeap
# Possible reasons:
#   The system is out of physical RAM or swap space
#   This process is running with CompressedOops enabled, and the Java Heap may be blocking the growth of the native heap
# Possible solutions:
#   Reduce memory load on the system
#   Increase physical memory or swap space
#   Check if swap backing store is full
#   Decrease Java heap size (-Xmx/-Xms)
#   Decrease number of Java threads
#   Decrease Java thread stack sizes (-Xss)
#   Set larger code cache with -XX:ReservedCodeCacheSize=
#   JVM is running with Unscaled Compressed Oops mode in which the Java heap is
#     placed in the first 4GB address space. The Java Heap base address is the
#     maximum limit for the native heap growth. Please use -XX:HeapBaseMinAddress
#     to set the Java Heap base and to place the Java Heap above 4GB virtual address.
# This output file may be truncated or incomplete.
#
#  Out of Memory Error (allocation.cpp:44), pid=9056, tid=11760
#
# JRE version: OpenJDK Runtime Environment Temurin-17.0.11+9 (17.0.11+9) (build 17.0.11+9)
# Java VM: OpenJDK 64-Bit Server VM Temurin-17.0.11+9 (17.0.11+9, mixed mode, emulated-client, tiered, compressed oops, compressed class ptrs, g1 gc, windows-amd64)
# No core dump will be written. Minidumps are not enabled by default on client versions of Windows
#

---------------  S U M M A R Y ------------

Command Line: -Xmx1024m -Dsts.lsp.client=vscode -Dsts.log.file=/dev/null -XX:TieredStopAtLevel=1 -Xlog:jni+resolve=off -Dspring.config.location=file:c:\Users\ferra\.vscode\extensions\vmware.vscode-spring-boot-1.56.0\language-server\BOOT-INF\classes\application.properties org.springframework.ide.vscode.boot.app.BootLanguageServerBootApp

Host: 11th Gen Intel(R) Core(TM) i9-11900H @ 2.50GHz, 16 cores, 15G,  Windows 11 , 64 bit Build 22621 (10.0.22621.3958)
Time: Sat Aug 24 10:21:21 2024 ora legale Europa occidentale elapsed time: 296.422624 seconds (0d 0h 4m 56s)

---------------  T H R E A D  ---------------

Current thread (0x000001b3a1a18130):  VMThread "VM Thread" [stack: 0x00000032d7a00000,0x00000032d7b00000] [id=11760]

Stack: [0x00000032d7a00000,0x00000032d7b00000]
Native frames: (J=compiled Java code, j=interpreted, Vv=VM code, C=native code)
V  [jvm.dll+0x67d429]
V  [jvm.dll+0x834b7a]
V  [jvm.dll+0x83663e]
V  [jvm.dll+0x836ca3]
V  [jvm.dll+0x247dbf]
V  [jvm.dll+0xa6cb3]
V  [jvm.dll+0x2f8b61]
V  [jvm.dll+0x2f4750]
V  [jvm.dll+0x2dcf67]
V  [jvm.dll+0x31fb67]
V  [jvm.dll+0x83b19b]
V  [jvm.dll+0x83bed2]
V  [jvm.dll+0x83c3ed]
V  [jvm.dll+0x83c7c4]
V  [jvm.dll+0x83c890]
V  [jvm.dll+0x7e410a]
V  [jvm.dll+0x67c315]
C  [ucrtbase.dll+0x29333]
C  [KERNEL32.DLL+0x1257d]
C  [ntdll.dll+0x5af28]

VM_Operation (0x00000032d99ff050): G1CollectFull, mode: safepoint, requested by thread 0x000001b3a77360a0


---------------  P R O C E S S  ---------------

Threads class SMR info:
_java_thread_list=0x000001b3a7de39a0, length=36, elements={
0x000001b3a1a39270, 0x000001b3a1a39d40, 0x000001b3a1a50550, 0x000001b3a1a50e20,
0x000001b3a1a516f0, 0x000001b3a1a70fd0, 0x000001b3a1a718a0, 0x000001b3a1a74960,
0x000001b3a1c823a0, 0x000001b3a1c98030, 0x000001b3a76eb040, 0x000001b3a77360a0,
0x000001b3a7762420, 0x000001b39610aa30, 0x000001b3a72d0c10, 0x000001b3a7855120,
0x000001b3a7219070, 0x000001b3a7219a90, 0x000001b3a721a9c0, 0x000001b3a7219fa0,
0x000001b3a77f73d0, 0x000001b3a77f69b0, 0x000001b3a77f8810, 0x000001b3a77f5570,
0x000001b3a77f5a80, 0x000001b3a77f6ec0, 0x000001b3a84bdd20, 0x000001b3a84ba060,
0x000001b3a84b9640, 0x000001b3a84b9b50, 0x000001b3a84bc3d0, 0x000001b3a84bcdf0,
0x000001b3a84ba570, 0x000001b3a84b8200, 0x000001b3a84be740, 0x000001b3a84bf160
}

Java Threads: ( => current thread )
  0x000001b3a1a39270 JavaThread "Reference Handler" daemon [_thread_blocked, id=11592, stack(0x00000032d7b00000,0x00000032d7c00000)]
  0x000001b3a1a39d40 JavaThread "Finalizer" daemon [_thread_blocked, id=7556, stack(0x00000032d7c00000,0x00000032d7d00000)]
  0x000001b3a1a50550 JavaThread "Signal Dispatcher" daemon [_thread_blocked, id=16400, stack(0x00000032d7d00000,0x00000032d7e00000)]
  0x000001b3a1a50e20 JavaThread "Attach Listener" daemon [_thread_blocked, id=22880, stack(0x00000032d7e00000,0x00000032d7f00000)]
  0x000001b3a1a516f0 JavaThread "Service Thread" daemon [_thread_blocked, id=2420, stack(0x00000032d7f00000,0x00000032d8000000)]
  0x000001b3a1a70fd0 JavaThread "Monitor Deflation Thread" daemon [_thread_blocked, id=20076, stack(0x00000032d8000000,0x00000032d8100000)]
  0x000001b3a1a718a0 JavaThread "C1 CompilerThread0" daemon [_thread_blocked, id=14844, stack(0x00000032d8100000,0x00000032d8200000)]
  0x000001b3a1a74960 JavaThread "Sweeper thread" daemon [_thread_blocked, id=14748, stack(0x00000032d8200000,0x00000032d8300000)]
  0x000001b3a1c823a0 JavaThread "Notification Thread" daemon [_thread_blocked, id=8656, stack(0x00000032d8600000,0x00000032d8700000)]
  0x000001b3a1c98030 JavaThread "Common-Cleaner" daemon [_thread_blocked, id=10716, stack(0x00000032d8800000,0x00000032d8900000)]
  0x000001b3a76eb040 JavaThread "boundedElastic-evictor-1" daemon [_thread_blocked, id=4756, stack(0x00000032d9800000,0x00000032d9900000)]
  0x000001b3a77360a0 JavaThread "pool-13-thread-1" [_thread_blocked, id=22180, stack(0x00000032d9900000,0x00000032d9a00000)]
  0x000001b3a7762420 JavaThread "LanguageServerApp-lifecycle" [_thread_blocked, id=6716, stack(0x00000032d9a00000,0x00000032d9b00000)]
  0x000001b39610aa30 JavaThread "DestroyJavaVM" [_thread_blocked, id=3612, stack(0x00000032d7400000,0x00000032d7500000)]
  0x000001b3a72d0c10 JavaThread "pool-14-thread-1" [_thread_in_native, id=14656, stack(0x00000032d9b00000,0x00000032d9c00000)]
  0x000001b3a7855120 JavaThread "Simple-Language-Server main thread" daemon [_thread_blocked, id=6656, stack(0x00000032d9c00000,0x00000032d9d00000)]
  0x000001b3a7219070 JavaThread "pool-8-thread-1" [_thread_blocked, id=20976, stack(0x00000032d9f00000,0x00000032da000000)]
  0x000001b3a7219a90 JavaThread "parallel-1" daemon [_thread_blocked, id=12444, stack(0x00000032da000000,0x00000032da100000)]
  0x000001b3a721a9c0 JavaThread "pool-6-thread-1" [_thread_blocked, id=7552, stack(0x00000032da100000,0x00000032da200000)]
  0x000001b3a7219fa0 JavaThread "parallel-2" daemon [_thread_blocked, id=9548, stack(0x00000032da200000,0x00000032da300000)]
  0x000001b3a77f73d0 JavaThread "parallel-3" daemon [_thread_blocked, id=6780, stack(0x00000032da300000,0x00000032da400000)]
  0x000001b3a77f69b0 JavaThread "parallel-4" daemon [_thread_blocked, id=20204, stack(0x00000032da900000,0x00000032daa00000)]
  0x000001b3a77f8810 JavaThread "parallel-5" daemon [_thread_blocked, id=22548, stack(0x00000032daa00000,0x00000032dab00000)]
  0x000001b3a77f5570 JavaThread "ForkJoinPool.commonPool-worker-2" daemon [_thread_blocked, id=3344, stack(0x00000032dab00000,0x00000032dac00000)]
  0x000001b3a77f5a80 JavaThread "Reconciler-1" daemon [_thread_blocked, id=3084, stack(0x00000032dac00000,0x00000032dad00000)]
  0x000001b3a77f6ec0 JavaThread "OkHttp api.spring.io" daemon [_thread_in_native, id=19176, stack(0x00000032daf00000,0x00000032db000000)]
  0x000001b3a84bdd20 JavaThread "OkHttp api.spring.io" daemon [_thread_in_native, id=14596, stack(0x00000032db000000,0x00000032db100000)]
  0x000001b3a84ba060 JavaThread "OkHttp api.spring.io" daemon [_thread_in_native, id=7116, stack(0x00000032db200000,0x00000032db300000)]
  0x000001b3a84b9640 JavaThread "OkHttp TaskRunner" daemon [_thread_blocked, id=20648, stack(0x00000032db600000,0x00000032db700000)]
  0x000001b3a84b9b50 JavaThread "parallel-6" daemon [_thread_blocked, id=21860, stack(0x00000032d7300000,0x00000032d7400000)]
  0x000001b3a84bc3d0 JavaThread "parallel-7" daemon [_thread_blocked, id=7288, stack(0x00000032d8300000,0x00000032d8400000)]
  0x000001b3a84bcdf0 JavaThread "parallel-8" daemon [_thread_blocked, id=5720, stack(0x00000032da800000,0x00000032da900000)]
  0x000001b3a84ba570 JavaThread "parallel-9" daemon [_thread_blocked, id=4944, stack(0x00000032db100000,0x00000032db200000)]
  0x000001b3a84b8200 JavaThread "parallel-10" daemon [_thread_blocked, id=4332, stack(0x00000032db300000,0x00000032db400000)]
  0x000001b3a84be740 JavaThread "parallel-11" daemon [_thread_blocked, id=20808, stack(0x00000032db500000,0x00000032db600000)]
  0x000001b3a84bf160 JavaThread "CompletableFutureDelayScheduler" daemon [_thread_blocked, id=12460, stack(0x00000032d9d00000,0x00000032d9e00000)]

Other Threads:
=>0x000001b3a1a18130 VMThread "VM Thread" [stack: 0x00000032d7a00000,0x00000032d7b00000] [id=11760]
  0x000001b3a1c82c90 WatcherThread [stack: 0x00000032d8700000,0x00000032d8800000] [id=8400]
  0x000001b396149810 GCTaskThread "GC Thread#0" [stack: 0x00000032d7500000,0x00000032d7600000] [id=13556]
  0x000001b3a67fd4e0 GCTaskThread "GC Thread#1" [stack: 0x00000032d8900000,0x00000032d8a00000] [id=21248]
  0x000001b3a69e7850 GCTaskThread "GC Thread#2" [stack: 0x00000032d8a00000,0x00000032d8b00000] [id=10372]
  0x000001b3a6a18400 GCTaskThread "GC Thread#3" [stack: 0x00000032d8b00000,0x00000032d8c00000] [id=4152]
  0x000001b3a6a186c0 GCTaskThread "GC Thread#4" [stack: 0x00000032d8c00000,0x00000032d8d00000] [id=19004]
  0x000001b3a6a18980 GCTaskThread "GC Thread#5" [stack: 0x00000032d8d00000,0x00000032d8e00000] [id=11724]
  0x000001b3a7016cb0 GCTaskThread "GC Thread#6" [stack: 0x00000032d8f00000,0x00000032d9000000] [id=11388]
  0x000001b3a6fa1f40 GCTaskThread "GC Thread#7" [stack: 0x00000032d9000000,0x00000032d9100000] [id=19052]
  0x000001b3a7069c40 GCTaskThread "GC Thread#8" [stack: 0x00000032d9100000,0x00000032d9200000] [id=22084]
  0x000001b3a706a710 GCTaskThread "GC Thread#9" [stack: 0x00000032d9200000,0x00000032d9300000] [id=17920]
  0x000001b3a706bdf0 GCTaskThread "GC Thread#10" [stack: 0x00000032d9300000,0x00000032d9400000] [id=5540]
  0x000001b3a706b2f0 GCTaskThread "GC Thread#11" [stack: 0x00000032d9400000,0x00000032d9500000] [id=8780]
  0x000001b3a706c630 GCTaskThread "GC Thread#12" [stack: 0x00000032d8e00000,0x00000032d8f00000] [id=21204]
  0x000001b396152670 ConcurrentGCThread "G1 Main Marker" [stack: 0x00000032d7600000,0x00000032d7700000] [id=11580]
  0x000001b396152fa0 ConcurrentGCThread "G1 Conc#0" [stack: 0x00000032d7700000,0x00000032d7800000] [id=22984]
  0x000001b3a706c8f0 ConcurrentGCThread "G1 Conc#1" [stack: 0x00000032d9500000,0x00000032d9600000] [id=19640]
  0x000001b3a706b870 ConcurrentGCThread "G1 Conc#2" [stack: 0x00000032d9600000,0x00000032d9700000] [id=17400]
  0x000001b3961ae0f0 ConcurrentGCThread "G1 Refine#0" [stack: 0x00000032d7800000,0x00000032d7900000] [id=20528]
  0x000001b3961aea30 ConcurrentGCThread "G1 Service" [stack: 0x00000032d7900000,0x00000032d7a00000] [id=19680]

Threads with active compile tasks:

VM state: at safepoint (normal execution)

VM Mutex/Monitor currently owned by a thread:  ([mutex/lock_event])
[0x000001b393e55830] Threads_lock - owner thread: 0x000001b3a1a18130
[0x000001b393e51040] Heap_lock - owner thread: 0x000001b3a77360a0

Heap address: 0x00000000c0000000, size: 1024 MB, Compressed Oops mode: 32-bit

CDS archive(s) not mapped
Compressed class space mapped at: 0x0000000100000000-0x0000000140000000, reserved size: 1073741824
Narrow klass base: 0x0000000000000000, Narrow klass shift: 3, Narrow klass range: 0x140000000

GC Precious Log:
 CPUs: 16 total, 16 available
 Memory: 16147M
 Large Page Support: Disabled
 NUMA Support: Disabled
 Compressed Oops: Enabled (32-bit)
 Heap Region Size: 1M
 Heap Min Capacity: 8M
 Heap Initial Capacity: 254M
 Heap Max Capacity: 1G
 Pre-touch: Disabled
 Parallel Workers: 13
 Concurrent Workers: 3
 Concurrent Refinement Workers: 13
 Periodic GC: Disabled

Heap:
 garbage-first heap   total 109568K, used 32038K [0x00000000c0000000, 0x0000000100000000)
  region size 1024K, 1 young (1024K), 0 survivors (0K)
 Metaspace       used 61019K, committed 61760K, reserved 1114112K
  class space    used 7408K, committed 7680K, reserved 1048576K

Heap Regions: E=young(eden), S=young(survivor), O=old, HS=humongous(starts), HC=humongous(continues), CS=collection set, F=free, OA=open archive, CA=closed archive, TAMS=top-at-mark-start (previous, next)
|   0|0x00000000c0000000, 0x00000000c0100000, 0x00000000c0100000|100%|HS|  |TAMS 0x00000000c0100000, 0x00000000c0000000| Untracked 
|   1|0x00000000c0100000, 0x00000000c0200000, 0x00000000c0200000|100%|HC|  |TAMS 0x00000000c0200000, 0x00000000c0100000| Untracked 
|   2|0x00000000c0200000, 0x00000000c0300000, 0x00000000c0300000|100%|HC|  |TAMS 0x00000000c0300000, 0x00000000c0200000| Untracked 
|   3|0x00000000c0300000, 0x00000000c0400000, 0x00000000c0400000|100%|HC|  |TAMS 0x00000000c0400000, 0x00000000c0300000| Untracked 
|   4|0x00000000c0400000, 0x00000000c0500000, 0x00000000c0500000|100%|HS|  |TAMS 0x00000000c0500000, 0x00000000c0400000| Untracked 
|   5|0x00000000c0500000, 0x00000000c0600000, 0x00000000c0600000|100%|HC|  |TAMS 0x00000000c0600000, 0x00000000c0500000| Untracked 
|   6|0x00000000c0600000, 0x00000000c0700000, 0x00000000c0700000|100%| O|  |TAMS 0x00000000c0700000, 0x00000000c0600000| Untracked 
|   7|0x00000000c0700000, 0x00000000c0800000, 0x00000000c0800000|100%| O|  |TAMS 0x00000000c0800000, 0x00000000c0700000| Untracked 
|   8|0x00000000c0800000, 0x00000000c0900000, 0x00000000c0900000|100%| O|  |TAMS 0x00000000c0900000, 0x00000000c0800000| Untracked 
|   9|0x00000000c0900000, 0x00000000c09fffe8, 0x00000000c0a00000| 99%| O|  |TAMS 0x00000000c09fffe8, 0x00000000c0900000| Untracked 
|  10|0x00000000c0a00000, 0x00000000c0afffd8, 0x00000000c0b00000| 99%| O|  |TAMS 0x00000000c0afffd8, 0x00000000c0a00000| Untracked 
|  11|0x00000000c0b00000, 0x00000000c0bfffe0, 0x00000000c0c00000| 99%| O|  |TAMS 0x00000000c0bfffe0, 0x00000000c0b00000| Untracked 
|  12|0x00000000c0c00000, 0x00000000c0cfffe0, 0x00000000c0d00000| 99%| O|  |TAMS 0x00000000c0cfffe0, 0x00000000c0c00000| Untracked 
|  13|0x00000000c0d00000, 0x00000000c0e00000, 0x00000000c0e00000|100%| O|  |TAMS 0x00000000c0e00000, 0x00000000c0d00000| Untracked 
|  14|0x00000000c0e00000, 0x00000000c0f00000, 0x00000000c0f00000|100%| O|  |TAMS 0x00000000c0f00000, 0x00000000c0e00000| Untracked 
|  15|0x00000000c0f00000, 0x00000000c0ffffd0, 0x00000000c1000000| 99%| O|  |TAMS 0x00000000c0ffffd0, 0x00000000c0f00000| Untracked 
|  16|0x00000000c1000000, 0x00000000c10ffff0, 0x00000000c1100000| 99%| O|  |TAMS 0x00000000c10ffff0, 0x00000000c1000000| Untracked 
|  17|0x00000000c1100000, 0x00000000c1200000, 0x00000000c1200000|100%| O|  |TAMS 0x00000000c1200000, 0x00000000c1100000| Untracked 
|  18|0x00000000c1200000, 0x00000000c12fffd8, 0x00000000c1300000| 99%| O|  |TAMS 0x00000000c12fffd8, 0x00000000c1200000| Untracked 
|  19|0x00000000c1300000, 0x00000000c13ff658, 0x00000000c1400000| 99%| O|  |TAMS 0x00000000c13ff658, 0x00000000c1300000| Untracked 
|  20|0x00000000c1400000, 0x00000000c14fffb8, 0x00000000c1500000| 99%| O|  |TAMS 0x00000000c14fffb8, 0x00000000c1400000| Untracked 
|  21|0x00000000c1500000, 0x00000000c15fffa8, 0x00000000c1600000| 99%| O|  |TAMS 0x00000000c15fffa8, 0x00000000c1500000| Untracked 
|  22|0x00000000c1600000, 0x00000000c16fffc0, 0x00000000c1700000| 99%| O|  |TAMS 0x00000000c16fffc0, 0x00000000c1600000| Untracked 
|  23|0x00000000c1700000, 0x00000000c17fffb0, 0x00000000c1800000| 99%| O|  |TAMS 0x00000000c17fffb0, 0x00000000c1700000| Untracked 
|  24|0x00000000c1800000, 0x00000000c18ffea0, 0x00000000c1900000| 99%| O|  |TAMS 0x00000000c18ffea0, 0x00000000c1800000| Untracked 
|  25|0x00000000c1900000, 0x00000000c19ff908, 0x00000000c1a00000| 99%| O|  |TAMS 0x00000000c19ff908, 0x00000000c1900000| Untracked 
|  26|0x00000000c1a00000, 0x00000000c1afffc8, 0x00000000c1b00000| 99%| O|  |TAMS 0x00000000c1afffc8, 0x00000000c1a00000| Untracked 
|  27|0x00000000c1b00000, 0x00000000c1c00000, 0x00000000c1c00000|100%| O|  |TAMS 0x00000000c1c00000, 0x00000000c1b00000| Untracked 
|  28|0x00000000c1c00000, 0x00000000c1cc6e00, 0x00000000c1d00000| 77%| O|  |TAMS 0x00000000c1c00000, 0x00000000c1c00000| Untracked 
|  29|0x00000000c1d00000, 0x00000000c1dffff0, 0x00000000c1e00000| 99%| O|  |TAMS 0x00000000c1dffff0, 0x00000000c1d00000| Untracked 
|  30|0x00000000c1e00000, 0x00000000c1e84b88, 0x00000000c1f00000| 51%| O|  |TAMS 0x00000000c1e00000, 0x00000000c1e00000| Untracked 
|  31|0x00000000c1f00000, 0x00000000c1fff608, 0x00000000c2000000| 99%| O|  |TAMS 0x00000000c1fff608, 0x00000000c1f00000| Untracked 
|  32|0x00000000c2000000, 0x00000000c2000000, 0x00000000c2100000|  0%| F|  |TAMS 0x00000000c2000000, 0x00000000c2000000| Untracked 
|  33|0x00000000c2100000, 0x00000000c2100000, 0x00000000c2200000|  0%| F|  |TAMS 0x00000000c2100000, 0x00000000c2100000| Untracked 
|  34|0x00000000c2200000, 0x00000000c2200000, 0x00000000c2300000|  0%| F|  |TAMS 0x00000000c2200000, 0x00000000c2200000| Untracked 
|  35|0x00000000c2300000, 0x00000000c2300000, 0x00000000c2400000|  0%| F|  |TAMS 0x00000000c2300000, 0x00000000c2300000| Untracked 
|  36|0x00000000c2400000, 0x00000000c2400000, 0x00000000c2500000|  0%| F|  |TAMS 0x00000000c2400000, 0x00000000c2400000| Untracked 
|  37|0x00000000c2500000, 0x00000000c2500000, 0x00000000c2600000|  0%| F|  |TAMS 0x00000000c2500000, 0x00000000c2500000| Untracked 
|  38|0x00000000c2600000, 0x00000000c2600000, 0x00000000c2700000|  0%| F|  |TAMS 0x00000000c2600000, 0x00000000c2600000| Untracked 
|  39|0x00000000c2700000, 0x00000000c2700000, 0x00000000c2800000|  0%| F|  |TAMS 0x00000000c2700000, 0x00000000c2700000| Untracked 
|  40|0x00000000c2800000, 0x00000000c2800000, 0x00000000c2900000|  0%| F|  |TAMS 0x00000000c2800000, 0x00000000c2800000| Untracked 
|  41|0x00000000c2900000, 0x00000000c2900000, 0x00000000c2a00000|  0%| F|  |TAMS 0x00000000c2900000, 0x00000000c2900000| Untracked 
|  42|0x00000000c2a00000, 0x00000000c2a00000, 0x00000000c2b00000|  0%| F|  |TAMS 0x00000000c2a00000, 0x00000000c2a00000| Untracked 
|  43|0x00000000c2b00000, 0x00000000c2b00000, 0x00000000c2c00000|  0%| F|  |TAMS 0x00000000c2b00000, 0x00000000c2b00000| Untracked 
|  44|0x00000000c2c00000, 0x00000000c2c00000, 0x00000000c2d00000|  0%| F|  |TAMS 0x00000000c2c00000, 0x00000000c2c00000| Untracked 
|  45|0x00000000c2d00000, 0x00000000c2d00000, 0x00000000c2e00000|  0%| F|  |TAMS 0x00000000c2d00000, 0x00000000c2d00000| Untracked 
|  46|0x00000000c2e00000, 0x00000000c2e00000, 0x00000000c2f00000|  0%| F|  |TAMS 0x00000000c2e00000, 0x00000000c2e00000| Untracked 
|  47|0x00000000c2f00000, 0x00000000c2f00000, 0x00000000c3000000|  0%| F|  |TAMS 0x00000000c2f00000, 0x00000000c2f00000| Untracked 
|  48|0x00000000c3000000, 0x00000000c3000000, 0x00000000c3100000|  0%| F|  |TAMS 0x00000000c3000000, 0x00000000c3000000| Untracked 
|  49|0x00000000c3100000, 0x00000000c3100000, 0x00000000c3200000|  0%| F|  |TAMS 0x00000000c3100000, 0x00000000c3100000| Untracked 
|  50|0x00000000c3200000, 0x00000000c3200000, 0x00000000c3300000|  0%| F|  |TAMS 0x00000000c3200000, 0x00000000c3200000| Untracked 
|  51|0x00000000c3300000, 0x00000000c3300000, 0x00000000c3400000|  0%| F|  |TAMS 0x00000000c3300000, 0x00000000c3300000| Untracked 
|  52|0x00000000c3400000, 0x00000000c3400000, 0x00000000c3500000|  0%| F|  |TAMS 0x00000000c3400000, 0x00000000c3400000| Untracked 
|  53|0x00000000c3500000, 0x00000000c3500000, 0x00000000c3600000|  0%| F|  |TAMS 0x00000000c3500000, 0x00000000c3500000| Untracked 
|  54|0x00000000c3600000, 0x00000000c3600000, 0x00000000c3700000|  0%| F|  |TAMS 0x00000000c3600000, 0x00000000c3600000| Untracked 
|  55|0x00000000c3700000, 0x00000000c3700000, 0x00000000c3800000|  0%| F|  |TAMS 0x00000000c3700000, 0x00000000c3700000| Untracked 
|  56|0x00000000c3800000, 0x00000000c3800000, 0x00000000c3900000|  0%| F|  |TAMS 0x00000000c3800000, 0x00000000c3800000| Untracked 
|  57|0x00000000c3900000, 0x00000000c3900000, 0x00000000c3a00000|  0%| F|  |TAMS 0x00000000c3900000, 0x00000000c3900000| Untracked 
|  58|0x00000000c3a00000, 0x00000000c3a00000, 0x00000000c3b00000|  0%| F|  |TAMS 0x00000000c3a00000, 0x00000000c3a00000| Untracked 
|  59|0x00000000c3b00000, 0x00000000c3b00000, 0x00000000c3c00000|  0%| F|  |TAMS 0x00000000c3b00000, 0x00000000c3b00000| Untracked 
|  60|0x00000000c3c00000, 0x00000000c3c00000, 0x00000000c3d00000|  0%| F|  |TAMS 0x00000000c3c00000, 0x00000000c3c00000| Untracked 
|  61|0x00000000c3d00000, 0x00000000c3d00000, 0x00000000c3e00000|  0%| F|  |TAMS 0x00000000c3d00000, 0x00000000c3d00000| Untracked 
|  62|0x00000000c3e00000, 0x00000000c3e00000, 0x00000000c3f00000|  0%| F|  |TAMS 0x00000000c3e00000, 0x00000000c3e00000| Untracked 
|  63|0x00000000c3f00000, 0x00000000c3f00000, 0x00000000c4000000|  0%| F|  |TAMS 0x00000000c3f00000, 0x00000000c3f00000| Untracked 
|  64|0x00000000c4000000, 0x00000000c4000000, 0x00000000c4100000|  0%| F|  |TAMS 0x00000000c4000000, 0x00000000c4000000| Untracked 
|  65|0x00000000c4100000, 0x00000000c4100000, 0x00000000c4200000|  0%| F|  |TAMS 0x00000000c4100000, 0x00000000c4100000| Untracked 
|  66|0x00000000c4200000, 0x00000000c4200000, 0x00000000c4300000|  0%| F|  |TAMS 0x00000000c4200000, 0x00000000c4200000| Untracked 
|  67|0x00000000c4300000, 0x00000000c4300000, 0x00000000c4400000|  0%| F|  |TAMS 0x00000000c4300000, 0x00000000c4300000| Untracked 
|  68|0x00000000c4400000, 0x00000000c4400000, 0x00000000c4500000|  0%| F|  |TAMS 0x00000000c4400000, 0x00000000c4400000| Untracked 
|  69|0x00000000c4500000, 0x00000000c4500000, 0x00000000c4600000|  0%| F|  |TAMS 0x00000000c4500000, 0x00000000c4500000| Untracked 
|  70|0x00000000c4600000, 0x00000000c4600000, 0x00000000c4700000|  0%| F|  |TAMS 0x00000000c4600000, 0x00000000c4600000| Untracked 
|  71|0x00000000c4700000, 0x00000000c4700000, 0x00000000c4800000|  0%| F|  |TAMS 0x00000000c4700000, 0x00000000c4700000| Untracked 
|  72|0x00000000c4800000, 0x00000000c4800000, 0x00000000c4900000|  0%| F|  |TAMS 0x00000000c4800000, 0x00000000c4800000| Untracked 
|  73|0x00000000c4900000, 0x00000000c4900000, 0x00000000c4a00000|  0%| F|  |TAMS 0x00000000c4900000, 0x00000000c4900000| Untracked 
|  74|0x00000000c4a00000, 0x00000000c4a00000, 0x00000000c4b00000|  0%| F|  |TAMS 0x00000000c4a00000, 0x00000000c4a00000| Untracked 
|  75|0x00000000c4b00000, 0x00000000c4b00000, 0x00000000c4c00000|  0%| F|  |TAMS 0x00000000c4b00000, 0x00000000c4b00000| Untracked 
|  76|0x00000000c4c00000, 0x00000000c4c00000, 0x00000000c4d00000|  0%| F|  |TAMS 0x00000000c4c00000, 0x00000000c4c00000| Untracked 
|  77|0x00000000c4d00000, 0x00000000c4d00000, 0x00000000c4e00000|  0%| F|  |TAMS 0x00000000c4d00000, 0x00000000c4d00000| Untracked 
|  78|0x00000000c4e00000, 0x00000000c4e00000, 0x00000000c4f00000|  0%| F|  |TAMS 0x00000000c4e00000, 0x00000000c4e00000| Untracked 
|  79|0x00000000c4f00000, 0x00000000c4f00000, 0x00000000c5000000|  0%| F|  |TAMS 0x00000000c4f00000, 0x00000000c4f00000| Untracked 
|  80|0x00000000c5000000, 0x00000000c5000000, 0x00000000c5100000|  0%| F|  |TAMS 0x00000000c5000000, 0x00000000c5000000| Untracked 
|  81|0x00000000c5100000, 0x00000000c5100000, 0x00000000c5200000|  0%| F|  |TAMS 0x00000000c5100000, 0x00000000c5100000| Untracked 
|  82|0x00000000c5200000, 0x00000000c5200000, 0x00000000c5300000|  0%| F|  |TAMS 0x00000000c5200000, 0x00000000c5200000| Untracked 
|  83|0x00000000c5300000, 0x00000000c5300000, 0x00000000c5400000|  0%| F|  |TAMS 0x00000000c5300000, 0x00000000c5300000| Untracked 
|  84|0x00000000c5400000, 0x00000000c5400000, 0x00000000c5500000|  0%| F|  |TAMS 0x00000000c5400000, 0x00000000c5400000| Untracked 
|  85|0x00000000c5500000, 0x00000000c5500000, 0x00000000c5600000|  0%| F|  |TAMS 0x00000000c5500000, 0x00000000c5500000| Untracked 
|  86|0x00000000c5600000, 0x00000000c5600000, 0x00000000c5700000|  0%| F|  |TAMS 0x00000000c5600000, 0x00000000c5600000| Untracked 
|  87|0x00000000c5700000, 0x00000000c5700000, 0x00000000c5800000|  0%| F|  |TAMS 0x00000000c5700000, 0x00000000c5700000| Untracked 
|  88|0x00000000c5800000, 0x00000000c5800000, 0x00000000c5900000|  0%| F|  |TAMS 0x00000000c5800000, 0x00000000c5800000| Untracked 
|  89|0x00000000c5900000, 0x00000000c5900000, 0x00000000c5a00000|  0%| F|  |TAMS 0x00000000c5900000, 0x00000000c5900000| Untracked 
|  90|0x00000000c5a00000, 0x00000000c5a00000, 0x00000000c5b00000|  0%| F|  |TAMS 0x00000000c5a00000, 0x00000000c5a00000| Untracked 
|  91|0x00000000c5b00000, 0x00000000c5b00000, 0x00000000c5c00000|  0%| F|  |TAMS 0x00000000c5b00000, 0x00000000c5b00000| Untracked 
|  92|0x00000000c5c00000, 0x00000000c5c00000, 0x00000000c5d00000|  0%| F|  |TAMS 0x00000000c5c00000, 0x00000000c5c00000| Untracked 
|  93|0x00000000c5d00000, 0x00000000c5d00000, 0x00000000c5e00000|  0%| F|  |TAMS 0x00000000c5d00000, 0x00000000c5d00000| Untracked 
|  94|0x00000000c5e00000, 0x00000000c5e00000, 0x00000000c5f00000|  0%| F|  |TAMS 0x00000000c5e00000, 0x00000000c5e00000| Untracked 
|  95|0x00000000c5f00000, 0x00000000c5f00000, 0x00000000c6000000|  0%| F|  |TAMS 0x00000000c5f00000, 0x00000000c5f00000| Untracked 
|  96|0x00000000c6000000, 0x00000000c6000000, 0x00000000c6100000|  0%| F|  |TAMS 0x00000000c6000000, 0x00000000c6000000| Untracked 
|  97|0x00000000c6100000, 0x00000000c6100000, 0x00000000c6200000|  0%| F|  |TAMS 0x00000000c6100000, 0x00000000c6100000| Untracked 
|  98|0x00000000c6200000, 0x00000000c6200000, 0x00000000c6300000|  0%| F|  |TAMS 0x00000000c6200000, 0x00000000c6200000| Untracked 
|  99|0x00000000c6300000, 0x00000000c6300000, 0x00000000c6400000|  0%| F|  |TAMS 0x00000000c6300000, 0x00000000c6300000| Untracked 
| 100|0x00000000c6400000, 0x00000000c6400000, 0x00000000c6500000|  0%| F|  |TAMS 0x00000000c6400000, 0x00000000c6400000| Untracked 
| 101|0x00000000c6500000, 0x00000000c6500000, 0x00000000c6600000|  0%| F|  |TAMS 0x00000000c6500000, 0x00000000c6500000| Untracked 
| 102|0x00000000c6600000, 0x00000000c6600000, 0x00000000c6700000|  0%| F|  |TAMS 0x00000000c6600000, 0x00000000c6600000| Untracked 
| 103|0x00000000c6700000, 0x00000000c6700000, 0x00000000c6800000|  0%| F|  |TAMS 0x00000000c6700000, 0x00000000c6700000| Untracked 
| 104|0x00000000c6800000, 0x00000000c6800000, 0x00000000c6900000|  0%| F|  |TAMS 0x00000000c6800000, 0x00000000c6800000| Untracked 
| 105|0x00000000c6900000, 0x00000000c6900000, 0x00000000c6a00000|  0%| F|  |TAMS 0x00000000c6900000, 0x00000000c6900000| Untracked 
| 106|0x00000000c6a00000, 0x00000000c6a209f8, 0x00000000c6b00000| 12%| E|  |TAMS 0x00000000c6a00000, 0x00000000c6a00000| Complete 

Card table byte_map: [0x000001b39c610000,0x000001b39c810000] _byte_map_base: 0x000001b39c010000

Marking Bits (Prev, Next): (CMBitMap*) 0x000001b396149d40, (CMBitMap*) 0x000001b396149d80
 Prev Bits: [0x000001b39ca10000, 0x000001b39da10000)
 Next Bits: [0x000001b39da10000, 0x000001b39ea10000)

Polling page: 0x000001b394060000

Metaspace:

Usage:
  Non-class:     52.35 MB used.
      Class:      7.24 MB used.
       Both:     59.59 MB used.

Virtual space:
  Non-class space:       64.00 MB reserved,      52.81 MB ( 83%) committed,  1 nodes.
      Class space:        1.00 GB reserved,       7.50 MB ( <1%) committed,  1 nodes.
             Both:        1.06 GB reserved,      60.31 MB (  6%) committed. 

Chunk freelists:
   Non-Class:  10.80 MB
       Class:  8.61 MB
        Both:  19.41 MB

MaxMetaspaceSize: unlimited
CompressedClassSpaceSize: 1.00 GB
Initial GC threshold: 21.00 MB
Current GC threshold: 100.56 MB
CDS: off
MetaspaceReclaimPolicy: balanced
 - commit_granule_bytes: 65536.
 - commit_granule_words: 8192.
 - virtual_space_node_default_size: 8388608.
 - enlarge_chunks_in_place: 1.
 - new_chunks_are_fully_committed: 0.
 - uncommit_free_chunks: 1.
 - use_allocation_guard: 0.
 - handle_deallocations: 1.


Internal statistics:

num_allocs_failed_limit: 6.
num_arena_births: 658.
num_arena_deaths: 224.
num_vsnodes_births: 2.
num_vsnodes_deaths: 0.
num_space_committed: 964.
num_space_uncommitted: 0.
num_chunks_returned_to_freelist: 266.
num_chunks_taken_from_freelist: 2581.
num_chunk_merges: 89.
num_chunk_splits: 1798.
num_chunks_enlarged: 1385.
num_inconsistent_stats: 0.

CodeCache: size=49152Kb used=11178Kb max_used=12612Kb free=37973Kb
 bounds [0x000001b398d90000, 0x000001b3999f0000, 0x000001b39bd90000]
 total_blobs=6829 nmethods=6150 adapters=606
 compilation: enabled
              stopped_count=0, restarted_count=0
 full_count=0

Compilation events (20 events):
Event: 80.400 Thread 0x000001b3a1c60190 nmethod 6139 0x000001b398f80910 code [0x000001b398f80aa0, 0x000001b398f80b78]
Event: 80.400 Thread 0x000001b3a67921f0 nmethod 6137 0x000001b398f80190 code [0x000001b398f80380, 0x000001b398f80708]
Event: 80.402 Thread 0x000001b3a1c60190 6141       1       org.springframework.ide.vscode.boot.java.annotations.AnnotationHierarchies$1::next (88 bytes)
Event: 80.402 Thread 0x000001b3a1a718a0 6140       1       org.springframework.ide.vscode.boot.java.annotations.AnnotationHierarchies$1::next (5 bytes)
Event: 80.402 Thread 0x000001b3a67921f0 6142       1       java.util.LinkedList::poll (19 bytes)
Event: 80.402 Thread 0x000001b3a1a718a0 nmethod 6140 0x000001b398f7fe90 code [0x000001b398f80020, 0x000001b398f80108]
Event: 80.402 Thread 0x000001b3a67921f0 nmethod 6142 0x000001b398f7fb90 code [0x000001b398f7fd20, 0x000001b398f7fe28]
Event: 80.402 Thread 0x000001b3a1a718a0 6143       1       java.lang.System$2::decodeASCII (11 bytes)
Event: 80.403 Thread 0x000001b3a1c60190 nmethod 6141 0x000001b398f7f390 code [0x000001b398f7f5a0, 0x000001b398f7f908]
Event: 80.403 Thread 0x000001b3a1a718a0 nmethod 6143 0x000001b398f7f090 code [0x000001b398f7f220, 0x000001b398f7f308]
Event: 80.749 Thread 0x000001b3a1a718a0 6144       1       jdk.internal.reflect.UnsafeIntegerFieldAccessorImpl::get (9 bytes)
Event: 80.749 Thread 0x000001b3a67921f0 6145       1       jdk.internal.reflect.UnsafeIntegerFieldAccessorImpl::getInt (17 bytes)
Event: 80.750 Thread 0x000001b3a67921f0 nmethod 6145 0x000001b398f7ea10 code [0x000001b398f7ebe0, 0x000001b398f7ee58]
Event: 80.750 Thread 0x000001b3a1a718a0 nmethod 6144 0x000001b398f7e290 code [0x000001b398f7e460, 0x000001b398f7e798]
Event: 80.750 Thread 0x000001b3a1a718a0 6146   !   1       com.google.gson.Gson::fromJson (142 bytes)
Event: 80.751 Thread 0x000001b3a1a718a0 nmethod 6146 0x000001b398f7cf90 code [0x000001b398f7d220, 0x000001b398f7db08]
Event: 139.988 Thread 0x000001b3a1a718a0 6150       1       java.util.concurrent.locks.ReentrantLock$Sync::isHeldExclusively (16 bytes)
Event: 139.988 Thread 0x000001b3a1a718a0 nmethod 6150 0x000001b398f7c290 code [0x000001b398f7c420, 0x000001b398f7c518]
Event: 233.920 Thread 0x000001b3a1a718a0 6151       1       java.util.concurrent.locks.AbstractQueuedSynchronizer$ConditionObject::canReacquire (38 bytes)
Event: 233.921 Thread 0x000001b3a1a718a0 nmethod 6151 0x000001b398f7be90 code [0x000001b398f7c020, 0x000001b398f7c198]

GC Heap History (20 events):
Event: 191.856 GC heap before
{Heap before GC invocations=24 (full 7):
 garbage-first heap   total 109568K, used 32038K [0x00000000c0000000, 0x0000000100000000)
  region size 1024K, 1 young (1024K), 0 survivors (0K)
 Metaspace       used 61019K, committed 61760K, reserved 1114112K
  class space    used 7408K, committed 7680K, reserved 1048576K
}
Event: 191.920 GC heap after
{Heap after GC invocations=25 (full 8):
 garbage-first heap   total 109568K, used 32038K [0x00000000c0000000, 0x0000000100000000)
  region size 1024K, 0 young (0K), 0 survivors (0K)
 Metaspace       used 61019K, committed 61760K, reserved 1114112K
  class space    used 7408K, committed 7680K, reserved 1048576K
}
Event: 203.129 GC heap before
{Heap before GC invocations=25 (full 8):
 garbage-first heap   total 109568K, used 32038K [0x00000000c0000000, 0x0000000100000000)
  region size 1024K, 1 young (1024K), 0 survivors (0K)
 Metaspace       used 61019K, committed 61760K, reserved 1114112K
  class space    used 7408K, committed 7680K, reserved 1048576K
}
Event: 203.195 GC heap after
{Heap after GC invocations=26 (full 9):
 garbage-first heap   total 109568K, used 32038K [0x00000000c0000000, 0x0000000100000000)
  region size 1024K, 0 young (0K), 0 survivors (0K)
 Metaspace       used 61019K, committed 61760K, reserved 1114112K
  class space    used 7408K, committed 7680K, reserved 1048576K
}
Event: 213.497 GC heap before
{Heap before GC invocations=26 (full 9):
 garbage-first heap   total 109568K, used 32038K [0x00000000c0000000, 0x0000000100000000)
  region size 1024K, 1 young (1024K), 0 survivors (0K)
 Metaspace       used 61019K, committed 61760K, reserved 1114112K
  class space    used 7408K, committed 7680K, reserved 1048576K
}
Event: 213.560 GC heap after
{Heap after GC invocations=27 (full 10):
 garbage-first heap   total 109568K, used 32038K [0x00000000c0000000, 0x0000000100000000)
  region size 1024K, 0 young (0K), 0 survivors (0K)
 Metaspace       used 61019K, committed 61760K, reserved 1114112K
  class space    used 7408K, committed 7680K, reserved 1048576K
}
Event: 223.891 GC heap before
{Heap before GC invocations=27 (full 10):
 garbage-first heap   total 109568K, used 32038K [0x00000000c0000000, 0x0000000100000000)
  region size 1024K, 1 young (1024K), 0 survivors (0K)
 Metaspace       used 61019K, committed 61760K, reserved 1114112K
  class space    used 7408K, committed 7680K, reserved 1048576K
}
Event: 223.920 GC heap after
{Heap after GC invocations=28 (full 11):
 garbage-first heap   total 109568K, used 32038K [0x00000000c0000000, 0x0000000100000000)
  region size 1024K, 0 young (0K), 0 survivors (0K)
 Metaspace       used 61019K, committed 61760K, reserved 1114112K
  class space    used 7408K, committed 7680K, reserved 1048576K
}
Event: 234.204 GC heap before
{Heap before GC invocations=28 (full 11):
 garbage-first heap   total 109568K, used 32038K [0x00000000c0000000, 0x0000000100000000)
  region size 1024K, 1 young (1024K), 0 survivors (0K)
 Metaspace       used 61019K, committed 61760K, reserved 1114112K
  class space    used 7408K, committed 7680K, reserved 1048576K
}
Event: 234.230 GC heap after
{Heap after GC invocations=29 (full 12):
 garbage-first heap   total 109568K, used 32038K [0x00000000c0000000, 0x0000000100000000)
  region size 1024K, 0 young (0K), 0 survivors (0K)
 Metaspace       used 61019K, committed 61760K, reserved 1114112K
  class space    used 7408K, committed 7680K, reserved 1048576K
}
Event: 244.594 GC heap before
{Heap before GC invocations=29 (full 12):
 garbage-first heap   total 109568K, used 32038K [0x00000000c0000000, 0x0000000100000000)
  region size 1024K, 1 young (1024K), 0 survivors (0K)
 Metaspace       used 61019K, committed 61760K, reserved 1114112K
  class space    used 7408K, committed 7680K, reserved 1048576K
}
Event: 244.639 GC heap after
{Heap after GC invocations=30 (full 13):
 garbage-first heap   total 109568K, used 32038K [0x00000000c0000000, 0x0000000100000000)
  region size 1024K, 0 young (0K), 0 survivors (0K)
 Metaspace       used 61019K, committed 61760K, reserved 1114112K
  class space    used 7408K, committed 7680K, reserved 1048576K
}
Event: 254.908 GC heap before
{Heap before GC invocations=30 (full 13):
 garbage-first heap   total 109568K, used 32038K [0x00000000c0000000, 0x0000000100000000)
  region size 1024K, 1 young (1024K), 0 survivors (0K)
 Metaspace       used 61019K, committed 61760K, reserved 1114112K
  class space    used 7408K, committed 7680K, reserved 1048576K
}
Event: 254.954 GC heap after
{Heap after GC invocations=31 (full 14):
 garbage-first heap   total 109568K, used 32038K [0x00000000c0000000, 0x0000000100000000)
  region size 1024K, 0 young (0K), 0 survivors (0K)
 Metaspace       used 61019K, committed 61760K, reserved 1114112K
  class space    used 7408K, committed 7680K, reserved 1048576K
}
Event: 265.255 GC heap before
{Heap before GC invocations=31 (full 14):
 garbage-first heap   total 109568K, used 32038K [0x00000000c0000000, 0x0000000100000000)
  region size 1024K, 1 young (1024K), 0 survivors (0K)
 Metaspace       used 61019K, committed 61760K, reserved 1114112K
  class space    used 7408K, committed 7680K, reserved 1048576K
}
Event: 265.289 GC heap after
{Heap after GC invocations=32 (full 15):
 garbage-first heap   total 109568K, used 32038K [0x00000000c0000000, 0x0000000100000000)
  region size 1024K, 0 young (0K), 0 survivors (0K)
 Metaspace       used 61019K, committed 61760K, reserved 1114112K
  class space    used 7408K, committed 7680K, reserved 1048576K
}
Event: 275.580 GC heap before
{Heap before GC invocations=32 (full 15):
 garbage-first heap   total 109568K, used 32038K [0x00000000c0000000, 0x0000000100000000)
  region size 1024K, 1 young (1024K), 0 survivors (0K)
 Metaspace       used 61019K, committed 61760K, reserved 1114112K
  class space    used 7408K, committed 7680K, reserved 1048576K
}
Event: 275.611 GC heap after
{Heap after GC invocations=33 (full 16):
 garbage-first heap   total 109568K, used 32038K [0x00000000c0000000, 0x0000000100000000)
  region size 1024K, 0 young (0K), 0 survivors (0K)
 Metaspace       used 61019K, committed 61760K, reserved 1114112K
  class space    used 7408K, committed 7680K, reserved 1048576K
}
Event: 286.238 GC heap before
{Heap before GC invocations=33 (full 16):
 garbage-first heap   total 109568K, used 32038K [0x00000000c0000000, 0x0000000100000000)
  region size 1024K, 1 young (1024K), 0 survivors (0K)
 Metaspace       used 61019K, committed 61760K, reserved 1114112K
  class space    used 7408K, committed 7680K, reserved 1048576K
}
Event: 286.302 GC heap after
{Heap after GC invocations=34 (full 17):
 garbage-first heap   total 109568K, used 32038K [0x00000000c0000000, 0x0000000100000000)
  region size 1024K, 0 young (0K), 0 survivors (0K)
 Metaspace       used 61019K, committed 61760K, reserved 1114112K
  class space    used 7408K, committed 7680K, reserved 1048576K
}

Dll operation events (10 events):
Event: 0.017 Loaded shared library c:\Users\ferra\.vscode\extensions\redhat.java-1.33.0-win32-x64\jre\17.0.11-win32-x86_64\bin\java.dll
Event: 0.477 Loaded shared library C:\Users\ferra\.vscode\extensions\redhat.java-1.33.0-win32-x64\jre\17.0.11-win32-x86_64\bin\net.dll
Event: 0.480 Loaded shared library C:\Users\ferra\.vscode\extensions\redhat.java-1.33.0-win32-x64\jre\17.0.11-win32-x86_64\bin\nio.dll
Event: 0.496 Loaded shared library C:\Users\ferra\.vscode\extensions\redhat.java-1.33.0-win32-x64\jre\17.0.11-win32-x86_64\bin\zip.dll
Event: 1.883 Loaded shared library C:\Users\ferra\.vscode\extensions\redhat.java-1.33.0-win32-x64\jre\17.0.11-win32-x86_64\bin\jimage.dll
Event: 4.170 Loaded shared library c:\Users\ferra\.vscode\extensions\redhat.java-1.33.0-win32-x64\jre\17.0.11-win32-x86_64\bin\verify.dll
Event: 8.871 Loaded shared library C:\Users\ferra\.vscode\extensions\redhat.java-1.33.0-win32-x64\jre\17.0.11-win32-x86_64\bin\management.dll
Event: 8.878 Loaded shared library C:\Users\ferra\.vscode\extensions\redhat.java-1.33.0-win32-x64\jre\17.0.11-win32-x86_64\bin\management_ext.dll
Event: 10.460 Loaded shared library C:\Users\ferra\.vscode\extensions\redhat.java-1.33.0-win32-x64\jre\17.0.11-win32-x86_64\bin\sunmscapi.dll
Event: 10.861 Loaded shared library C:\Users\ferra\.vscode\extensions\redhat.java-1.33.0-win32-x64\jre\17.0.11-win32-x86_64\bin\extnet.dll

Deoptimization events (20 events):
Event: 10.575 Thread 0x000001b3a77f5f90 DEOPT PACKING pc=0x000001b39909fa8c sp=0x00000032dadfad20
Event: 10.575 Thread 0x000001b3a77f5f90 DEOPT UNPACKING pc=0x000001b398deace3 sp=0x00000032dadfa1e8 mode 0
Event: 11.447 Thread 0x000001b3a77f5060 DEOPT PACKING pc=0x000001b3995b3324 sp=0x00000032da4feef0
Event: 11.447 Thread 0x000001b3a77f5060 DEOPT UNPACKING pc=0x000001b398deace3 sp=0x00000032da4fe3d8 mode 0
Event: 11.462 Thread 0x000001b3a77f78e0 DEOPT PACKING pc=0x000001b3995b3324 sp=0x00000032da6fe6d0
Event: 11.462 Thread 0x000001b3a77f78e0 DEOPT UNPACKING pc=0x000001b398deace3 sp=0x00000032da6fdbb8 mode 0
Event: 11.462 Thread 0x000001b3a77f78e0 DEOPT PACKING pc=0x000001b3995b3324 sp=0x00000032da6feca0
Event: 11.462 Thread 0x000001b3a77f78e0 DEOPT UNPACKING pc=0x000001b398deace3 sp=0x00000032da6fe188 mode 0
Event: 80.108 Thread 0x000001b3a721a9c0 DEOPT PACKING pc=0x000001b399729f0c sp=0x00000032da1fe070
Event: 80.108 Thread 0x000001b3a721a9c0 DEOPT UNPACKING pc=0x000001b398deace3 sp=0x00000032da1fd5d8 mode 0
Event: 80.108 Thread 0x000001b3a721a9c0 DEOPT PACKING pc=0x000001b398f115cc sp=0x00000032da1fe1a0
Event: 80.108 Thread 0x000001b3a721a9c0 DEOPT UNPACKING pc=0x000001b398deace3 sp=0x00000032da1fd680 mode 0
Event: 80.108 Thread 0x000001b3a721a9c0 DEOPT PACKING pc=0x000001b399729f0c sp=0x00000032da1fe2d0
Event: 80.108 Thread 0x000001b3a721a9c0 DEOPT UNPACKING pc=0x000001b398deace3 sp=0x00000032da1fd838 mode 0
Event: 80.108 Thread 0x000001b3a721a9c0 DEOPT PACKING pc=0x000001b398f115cc sp=0x00000032da1fe400
Event: 80.108 Thread 0x000001b3a721a9c0 DEOPT UNPACKING pc=0x000001b398deace3 sp=0x00000032da1fd8f8 mode 0
Event: 80.109 Thread 0x000001b3a721a9c0 DEOPT PACKING pc=0x000001b399729f0c sp=0x00000032da1fe770
Event: 80.109 Thread 0x000001b3a721a9c0 DEOPT UNPACKING pc=0x000001b398deace3 sp=0x00000032da1fdcd8 mode 0
Event: 80.109 Thread 0x000001b3a721a9c0 DEOPT PACKING pc=0x000001b398f115cc sp=0x00000032da1fe8a0
Event: 80.109 Thread 0x000001b3a721a9c0 DEOPT UNPACKING pc=0x000001b398deace3 sp=0x00000032da1fdd98 mode 0

Classes unloaded (20 events):
Event: 129.619 Thread 0x000001b3a1a18130 Unloading class 0x0000000100094800 'java/lang/invoke/LambdaForm$MH+0x0000000100094800'
Event: 129.619 Thread 0x000001b3a1a18130 Unloading class 0x0000000100094400 'java/lang/invoke/LambdaForm$MH+0x0000000100094400'
Event: 129.619 Thread 0x000001b3a1a18130 Unloading class 0x000000010008ac00 'java/lang/invoke/LambdaForm$MH+0x000000010008ac00'
Event: 129.619 Thread 0x000001b3a1a18130 Unloading class 0x000000010008a400 'java/lang/invoke/LambdaForm$MH+0x000000010008a400'
Event: 129.619 Thread 0x000001b3a1a18130 Unloading class 0x000000010008a000 'java/lang/invoke/LambdaForm$MH+0x000000010008a000'
Event: 129.619 Thread 0x000001b3a1a18130 Unloading class 0x0000000100089c00 'java/lang/invoke/LambdaForm$MH+0x0000000100089c00'
Event: 129.619 Thread 0x000001b3a1a18130 Unloading class 0x0000000100089800 'java/lang/invoke/LambdaForm$MH+0x0000000100089800'
Event: 129.619 Thread 0x000001b3a1a18130 Unloading class 0x0000000100089400 'java/lang/invoke/LambdaForm$MH+0x0000000100089400'
Event: 129.619 Thread 0x000001b3a1a18130 Unloading class 0x0000000100088c00 'java/lang/invoke/LambdaForm$MH+0x0000000100088c00'
Event: 129.619 Thread 0x000001b3a1a18130 Unloading class 0x0000000100088400 'java/lang/invoke/LambdaForm$MH+0x0000000100088400'
Event: 181.491 Thread 0x000001b3a1a18130 Unloading class 0x000000010008e800 'java/lang/invoke/LambdaForm$MH+0x000000010008e800'
Event: 181.491 Thread 0x000001b3a1a18130 Unloading class 0x000000010008e400 'java/lang/invoke/LambdaForm$MH+0x000000010008e400'
Event: 181.491 Thread 0x000001b3a1a18130 Unloading class 0x000000010008e000 'java/lang/invoke/LambdaForm$MH+0x000000010008e000'
Event: 181.491 Thread 0x000001b3a1a18130 Unloading class 0x000000010008dc00 'java/lang/invoke/LambdaForm$MH+0x000000010008dc00'
Event: 181.491 Thread 0x000001b3a1a18130 Unloading class 0x000000010008d800 'java/lang/invoke/LambdaForm$MH+0x000000010008d800'
Event: 181.491 Thread 0x000001b3a1a18130 Unloading class 0x000000010008d400 'java/lang/invoke/LambdaForm$MH+0x000000010008d400'
Event: 181.491 Thread 0x000001b3a1a18130 Unloading class 0x000000010008cc00 'java/lang/invoke/LambdaForm$MH+0x000000010008cc00'
Event: 181.491 Thread 0x000001b3a1a18130 Unloading class 0x000000010008c800 'java/lang/invoke/LambdaForm$MH+0x000000010008c800'
Event: 181.491 Thread 0x000001b3a1a18130 Unloading class 0x000000010008c000 'java/lang/invoke/LambdaForm$MH+0x000000010008c000'
Event: 181.491 Thread 0x000001b3a1a18130 Unloading class 0x000000010008bc00 'java/lang/invoke/LambdaForm$MH+0x000000010008bc00'

Classes redefined (0 events):
No events

Internal exceptions (20 events):
Event: 9.825 Thread 0x000001b3a721a9c0 Exception <a 'sun/nio/fs/WindowsException'{0x00000000c3c29bd0}> (0x00000000c3c29bd0) 
thrown [s\src\hotspot\share\prims\jni.cpp, line 516]
Event: 9.825 Thread 0x000001b3a721a9c0 Exception <a 'sun/nio/fs/WindowsException'{0x00000000c3c2a670}> (0x00000000c3c2a670) 
thrown [s\src\hotspot\share\prims\jni.cpp, line 516]
Event: 9.825 Thread 0x000001b3a721a9c0 Exception <a 'sun/nio/fs/WindowsException'{0x00000000c3c2b160}> (0x00000000c3c2b160) 
thrown [s\src\hotspot\share\prims\jni.cpp, line 516]
Event: 9.825 Thread 0x000001b3a721a9c0 Exception <a 'sun/nio/fs/WindowsException'{0x00000000c3c2bd80}> (0x00000000c3c2bd80) 
thrown [s\src\hotspot\share\prims\jni.cpp, line 516]
Event: 10.054 Thread 0x000001b3a77f8300 Exception <a 'java/lang/NoSuchMethodError'{0x00000000c32622c8}: 'java.lang.Object java.lang.invoke.Invokers$Holder.invoke_MT(java.lang.Object, java.lang.Object, java.lang.Object)'> (0x00000000c32622c8) 
thrown [s\src\hotspot\share\interpreter\linkResolver.cpp, line 759]
Event: 10.168 Thread 0x000001b3a77f5a80 Exception <a 'java/lang/NoSuchMethodError'{0x00000000cd564f48}: 'java.lang.Object java.lang.invoke.DirectMethodHandle$Holder.newInvokeSpecial(java.lang.Object, java.lang.Object, java.lang.Object, java.lang.Object, java.lang.Object, long)'> (0x00000000cd564f48) 
thrown [s\src\hotspot\share\interpreter\linkResolver.cpp, line 759]
Event: 10.168 Thread 0x000001b3a77f5a80 Exception <a 'java/lang/NoSuchMethodError'{0x00000000cd5695b8}: 'java.lang.Object java.lang.invoke.DirectMethodHandle$Holder.invokeSpecial(java.lang.Object, java.lang.Object, java.lang.Object, java.lang.Object, java.lang.Object, java.lang.Object, long)'> (0x00000000cd5695b8) 
thrown [s\src\hotspot\share\interpreter\linkResolver.cpp, line 759]
Event: 10.182 Thread 0x000001b3a77f5f90 Exception <a 'java/lang/NoSuchMethodError'{0x00000000c4527378}: 'void java.lang.invoke.DirectMethodHandle$Holder.invokeVirtual(java.lang.Object, java.lang.Object, java.lang.Object, java.lang.Object)'> (0x00000000c4527378) 
thrown [s\src\hotspot\share\interpreter\linkResolver.cpp, line 759]
Event: 10.330 Thread 0x000001b3a77f5f90 Exception <a 'java/lang/NoSuchMethodError'{0x00000000c3ae2c58}: 'java.lang.Object java.lang.invoke.DirectMethodHandle$Holder.invokeStatic(java.lang.Object, java.lang.Object, int, java.lang.Object)'> (0x00000000c3ae2c58) 
thrown [s\src\hotspot\share\interpreter\linkResolver.cpp, line 759]
Event: 10.332 Thread 0x000001b3a77f5f90 Exception <a 'java/lang/NoSuchMethodError'{0x00000000c39021e0}: 'java.lang.Object java.lang.invoke.DirectMethodHandle$Holder.newInvokeSpecial(java.lang.Object, java.lang.Object, int)'> (0x00000000c39021e0) 
thrown [s\src\hotspot\share\interpreter\linkResolver.cpp, line 759]
Event: 10.567 Thread 0x000001b3a77f5f90 Exception <a 'sun/nio/fs/WindowsException'{0x00000000c44253f0}> (0x00000000c44253f0) 
thrown [s\src\hotspot\share\prims\jni.cpp, line 516]
Event: 10.835 Thread 0x000001b3a77f8300 Exception <a 'java/lang/IncompatibleClassChangeError'{0x00000000cd9f9ef0}: Found class java.lang.Object, but interface was expected> (0x00000000cd9f9ef0) 
thrown [s\src\hotspot\share\interpreter\linkResolver.cpp, line 826]
Event: 10.934 Thread 0x000001b3a77f8300 Exception <a 'java/lang/NoSuchMethodError'{0x00000000c3ec6198}: 'int java.lang.invoke.DirectMethodHandle$Holder.invokeSpecialIFC(java.lang.Object, java.lang.Object, java.lang.Object)'> (0x00000000c3ec6198) 
thrown [s\src\hotspot\share\interpreter\linkResolver.cpp, line 759]
Event: 11.176 Thread 0x000001b3a77f8300 Exception <a 'java/lang/NoSuchMethodError'{0x00000000c824e658}: 'java.lang.Object java.lang.invoke.DirectMethodHandle$Holder.newInvokeSpecial(java.lang.Object, java.lang.Object, int, java.lang.Object)'> (0x00000000c824e658) 
thrown [s\src\hotspot\share\interpreter\linkResolver.cpp, line 759]
Event: 11.176 Thread 0x000001b3a77f8300 Exception <a 'java/lang/NoSuchMethodError'{0x00000000c8252220}: 'java.lang.Object java.lang.invoke.Invokers$Holder.linkToTargetMethod(java.lang.Object, int, java.lang.Object, java.lang.Object)'> (0x00000000c8252220) 
thrown [s\src\hotspot\share\interpreter\linkResolver.cpp, line 759]
Event: 11.177 Thread 0x000001b3a77f8300 Exception <a 'java/lang/NoSuchMethodError'{0x00000000c8255bf0}: 'void java.lang.invoke.DirectMethodHandle$Holder.invokeStatic(java.lang.Object, int, java.lang.Object)'> (0x00000000c8255bf0) 
thrown [s\src\hotspot\share\interpreter\linkResolver.cpp, line 759]
Event: 11.206 Thread 0x000001b3a77f8300 Exception <a 'java/lang/NoSuchMethodError'{0x00000000c801c188}: 'int java.lang.invoke.DirectMethodHandle$Holder.invokeStatic(java.lang.Object, int, java.lang.Object)'> (0x00000000c801c188) 
thrown [s\src\hotspot\share\interpreter\linkResolver.cpp, line 759]
Event: 11.373 Thread 0x000001b3a77f7df0 Exception <a 'java/lang/NoSuchMethodError'{0x00000000c79aadb0}: 'void java.lang.invoke.DirectMethodHandle$Holder.invokeStatic(java.lang.Object, java.lang.Object, java.lang.Object, java.lang.Object, java.lang.Object, java.lang.Object, java.lang.Object)'> (0x00000000c79aadb0) 
thrown [s\src\hotspot\share\interpreter\linkResolver.cpp, line 759]
Event: 118.916 Thread 0x000001b3a77360a0 Exception <a 'java/lang/NoSuchMethodError'{0x00000000c7b9ccf0}: 'void java.lang.invoke.DirectMethodHandle$Holder.invokeStatic(java.lang.Object, long)'> (0x00000000c7b9ccf0) 
thrown [s\src\hotspot\share\interpreter\linkResolver.cpp, line 759]
Event: 118.916 Thread 0x000001b3a77360a0 Exception <a 'java/lang/NoSuchMethodError'{0x00000000c7ba20a0}: 'java.lang.Object java.lang.invoke.DirectMethodHandle$Holder.newInvokeSpecial(java.lang.Object, long)'> (0x00000000c7ba20a0) 
thrown [s\src\hotspot\share\interpreter\linkResolver.cpp, line 759]

VM Operations (20 events):
Event: 191.920 Executing VM operation: G1CollectFull done
Event: 203.129 Executing VM operation: G1CollectFull
Event: 203.195 Executing VM operation: G1CollectFull done
Event: 213.497 Executing VM operation: G1CollectFull
Event: 213.560 Executing VM operation: G1CollectFull done
Event: 223.891 Executing VM operation: G1CollectFull
Event: 223.920 Executing VM operation: G1CollectFull done
Event: 234.204 Executing VM operation: G1CollectFull
Event: 234.230 Executing VM operation: G1CollectFull done
Event: 244.594 Executing VM operation: G1CollectFull
Event: 244.639 Executing VM operation: G1CollectFull done
Event: 254.908 Executing VM operation: G1CollectFull
Event: 254.954 Executing VM operation: G1CollectFull done
Event: 265.255 Executing VM operation: G1CollectFull
Event: 265.289 Executing VM operation: G1CollectFull done
Event: 275.580 Executing VM operation: G1CollectFull
Event: 275.611 Executing VM operation: G1CollectFull done
Event: 286.237 Executing VM operation: G1CollectFull
Event: 286.302 Executing VM operation: G1CollectFull done
Event: 296.416 Executing VM operation: G1CollectFull

Events (20 events):
Event: 96.236 Thread 0x000001b3a77f64a0 Thread exited: 0x000001b3a77f64a0
Event: 118.872 loading class java/lang/ProcessBuilder
Event: 118.872 loading class java/lang/ProcessBuilder done
Event: 118.872 loading class java/lang/ProcessImpl
Event: 118.873 loading class java/lang/ProcessImpl done
Event: 118.917 loading class java/lang/ProcessImpl$2
Event: 118.918 loading class java/lang/ProcessImpl$2 done
Event: 118.918 loading class java/lang/Process$PipeInputStream
Event: 118.918 loading class java/lang/Process$PipeInputStream done
Event: 118.919 loading class jdk/internal/event/ProcessStartEvent
Event: 118.919 loading class jdk/internal/event/ProcessStartEvent done
Event: 119.295 loading class java/io/RandomAccessFile$1
Event: 119.295 loading class java/io/RandomAccessFile$1 done
Event: 137.352 Thread 0x000001b3a84bd300 Thread exited: 0x000001b3a84bd300
Event: 137.353 Thread 0x000001b3a77f78e0 Thread exited: 0x000001b3a77f78e0
Event: 140.404 Thread 0x000001b3a77f5060 Thread exited: 0x000001b3a77f5060
Event: 140.506 Thread 0x000001b3a77f7df0 Thread exited: 0x000001b3a77f7df0
Event: 140.751 Thread 0x000001b3a7219580 Thread exited: 0x000001b3a7219580
Event: 200.506 Thread 0x000001b3a84baa80 Thread exited: 0x000001b3a84baa80
Event: 260.506 Thread 0x000001b3a84bb9b0 Thread exited: 0x000001b3a84bb9b0


Dynamic libraries:
0x00007ff6e01b0000 - 0x00007ff6e01be000 	c:\Users\ferra\.vscode\extensions\redhat.java-1.33.0-win32-x64\jre\17.0.11-win32-x86_64\bin\java.exe
0x00007ff8019d0000 - 0x00007ff801be7000 	C:\WINDOWS\SYSTEM32\ntdll.dll
0x00007ff800ee0000 - 0x00007ff800fa4000 	C:\WINDOWS\System32\KERNEL32.DLL
0x00007ffffefc0000 - 0x00007fffff36d000 	C:\WINDOWS\System32\KERNELBASE.dll
0x00007fffff3a0000 - 0x00007fffff4b1000 	C:\WINDOWS\System32\ucrtbase.dll
0x00007fffa2700000 - 0x00007fffa2717000 	c:\Users\ferra\.vscode\extensions\redhat.java-1.33.0-win32-x64\jre\17.0.11-win32-x86_64\bin\jli.dll
0x00007fffa2720000 - 0x00007fffa273b000 	c:\Users\ferra\.vscode\extensions\redhat.java-1.33.0-win32-x64\jre\17.0.11-win32-x86_64\bin\VCRUNTIME140.dll
0x00007fffd6a00000 - 0x00007fffd6c93000 	C:\WINDOWS\WinSxS\amd64_microsoft.windows.common-controls_6595b64144ccf1df_6.0.22621.3672_none_2713b9d173822955\COMCTL32.dll
0x00007ff800e30000 - 0x00007ff800ed7000 	C:\WINDOWS\System32\msvcrt.dll
0x00007ff800030000 - 0x00007ff800059000 	C:\WINDOWS\System32\GDI32.dll
0x00007fffff370000 - 0x00007fffff396000 	C:\WINDOWS\System32\win32u.dll
0x00007ffffedb0000 - 0x00007ffffeec9000 	C:\WINDOWS\System32\gdi32full.dll
0x00007fffff630000 - 0x00007fffff6ca000 	C:\WINDOWS\System32\msvcp_win.dll
0x00007ff801340000 - 0x00007ff8014ee000 	C:\WINDOWS\System32\USER32.dll
0x00007ff800c80000 - 0x00007ff800cb1000 	C:\WINDOWS\System32\IMM32.DLL
0x00007fffdfd10000 - 0x00007fffdfd1c000 	c:\Users\ferra\.vscode\extensions\redhat.java-1.33.0-win32-x64\jre\17.0.11-win32-x86_64\bin\vcruntime140_1.dll
0x00007fffa2670000 - 0x00007fffa26fd000 	c:\Users\ferra\.vscode\extensions\redhat.java-1.33.0-win32-x64\jre\17.0.11-win32-x86_64\bin\msvcp140.dll
0x00007fff570d0000 - 0x00007fff57d32000 	c:\Users\ferra\.vscode\extensions\redhat.java-1.33.0-win32-x64\jre\17.0.11-win32-x86_64\bin\server\jvm.dll
0x00007fffffb80000 - 0x00007fffffc32000 	C:\WINDOWS\System32\ADVAPI32.dll
0x00007fffff8a0000 - 0x00007fffff949000 	C:\WINDOWS\System32\sechost.dll
0x00007ffffed80000 - 0x00007ffffeda8000 	C:\WINDOWS\System32\bcrypt.dll
0x00007ff800b60000 - 0x00007ff800c74000 	C:\WINDOWS\System32\RPCRT4.dll
0x00007fffa0630000 - 0x00007fffa0639000 	C:\WINDOWS\SYSTEM32\WSOCK32.dll
0x00007ffff6690000 - 0x00007ffff66c4000 	C:\WINDOWS\SYSTEM32\WINMM.dll
0x00007ffffdb30000 - 0x00007ffffdb7d000 	C:\WINDOWS\SYSTEM32\POWRPROF.dll
0x00007fffff7d0000 - 0x00007fffff841000 	C:\WINDOWS\System32\WS2_32.dll
0x00007ffff98b0000 - 0x00007ffff98ba000 	C:\WINDOWS\SYSTEM32\VERSION.dll
0x00007ffffdb10000 - 0x00007ffffdb23000 	C:\WINDOWS\SYSTEM32\UMPDC.dll
0x00007ffffddd0000 - 0x00007ffffdde8000 	C:\WINDOWS\SYSTEM32\kernel.appcore.dll
0x00007fffda7f0000 - 0x00007fffda7fa000 	c:\Users\ferra\.vscode\extensions\redhat.java-1.33.0-win32-x64\jre\17.0.11-win32-x86_64\bin\jimage.dll
0x00007ffffc330000 - 0x00007ffffc562000 	C:\WINDOWS\SYSTEM32\DBGHELP.DLL
0x00007ff800fb0000 - 0x00007ff80133d000 	C:\WINDOWS\System32\combase.dll
0x00007fffffc40000 - 0x00007fffffd17000 	C:\WINDOWS\System32\OLEAUT32.dll
0x00007fffef430000 - 0x00007fffef462000 	C:\WINDOWS\SYSTEM32\dbgcore.DLL
0x00007ffffeed0000 - 0x00007ffffef4b000 	C:\WINDOWS\System32\bcryptPrimitives.dll
0x00007fffa2640000 - 0x00007fffa2665000 	c:\Users\ferra\.vscode\extensions\redhat.java-1.33.0-win32-x64\jre\17.0.11-win32-x86_64\bin\java.dll
0x00007fffa2620000 - 0x00007fffa2638000 	c:\Users\ferra\.vscode\extensions\redhat.java-1.33.0-win32-x64\jre\17.0.11-win32-x86_64\bin\zip.dll
0x00007ff8002f0000 - 0x00007ff800b58000 	C:\WINDOWS\System32\SHELL32.dll
0x00007ffffcbf0000 - 0x00007ffffd4ee000 	C:\WINDOWS\SYSTEM32\windows.storage.dll
0x00007ffffcab0000 - 0x00007ffffcbef000 	C:\WINDOWS\SYSTEM32\wintypes.dll
0x00007fffff6d0000 - 0x00007fffff7c9000 	C:\WINDOWS\System32\SHCORE.dll
0x00007ff800060000 - 0x00007ff8000be000 	C:\WINDOWS\System32\shlwapi.dll
0x00007ffffec10000 - 0x00007ffffec31000 	C:\WINDOWS\SYSTEM32\profapi.dll
0x00007fffa2580000 - 0x00007fffa2599000 	C:\Users\ferra\.vscode\extensions\redhat.java-1.33.0-win32-x64\jre\17.0.11-win32-x86_64\bin\net.dll
0x00007ffff9210000 - 0x00007ffff9346000 	C:\WINDOWS\SYSTEM32\WINHTTP.dll
0x00007ffffe270000 - 0x00007ffffe2d9000 	C:\WINDOWS\system32\mswsock.dll
0x00007fffa2600000 - 0x00007fffa2616000 	C:\Users\ferra\.vscode\extensions\redhat.java-1.33.0-win32-x64\jre\17.0.11-win32-x86_64\bin\nio.dll
0x00007fffc5560000 - 0x00007fffc5570000 	c:\Users\ferra\.vscode\extensions\redhat.java-1.33.0-win32-x64\jre\17.0.11-win32-x86_64\bin\verify.dll
0x00007ffffe4d0000 - 0x00007ffffe4eb000 	C:\WINDOWS\SYSTEM32\CRYPTSP.dll
0x00007ffffdd30000 - 0x00007ffffdd65000 	C:\WINDOWS\system32\rsaenh.dll
0x00007ffffe370000 - 0x00007ffffe398000 	C:\WINDOWS\SYSTEM32\USERENV.dll
0x00007ffffe4f0000 - 0x00007ffffe4fc000 	C:\WINDOWS\SYSTEM32\CRYPTBASE.dll
0x00007ffffd800000 - 0x00007ffffd82d000 	C:\WINDOWS\SYSTEM32\IPHLPAPI.DLL
0x00007ff8000c0000 - 0x00007ff8000c9000 	C:\WINDOWS\System32\NSI.dll
0x00007ffff99e0000 - 0x00007ffff99f9000 	C:\WINDOWS\SYSTEM32\dhcpcsvc6.DLL
0x00007ffff98c0000 - 0x00007ffff98df000 	C:\WINDOWS\SYSTEM32\dhcpcsvc.DLL
0x00007ffffd880000 - 0x00007ffffd978000 	C:\WINDOWS\SYSTEM32\DNSAPI.dll
0x00007fffe42e0000 - 0x00007fffe42e9000 	C:\Users\ferra\.vscode\extensions\redhat.java-1.33.0-win32-x64\jre\17.0.11-win32-x86_64\bin\management.dll
0x00007fffa3360000 - 0x00007fffa336b000 	C:\Users\ferra\.vscode\extensions\redhat.java-1.33.0-win32-x64\jre\17.0.11-win32-x86_64\bin\management_ext.dll
0x00007ff800020000 - 0x00007ff800028000 	C:\WINDOWS\System32\PSAPI.DLL
0x00007fffb9360000 - 0x00007fffb936e000 	C:\Users\ferra\.vscode\extensions\redhat.java-1.33.0-win32-x64\jre\17.0.11-win32-x86_64\bin\sunmscapi.dll
0x00007fffff4c0000 - 0x00007fffff627000 	C:\WINDOWS\System32\CRYPT32.dll
0x00007ffffe690000 - 0x00007ffffe6be000 	C:\WINDOWS\SYSTEM32\ncrypt.dll
0x00007ffffe650000 - 0x00007ffffe687000 	C:\WINDOWS\SYSTEM32\NTASN1.dll
0x0000000050a60000 - 0x0000000050a86000 	C:\Program Files\Bonjour\mdnsNSP.dll
0x00007ffff5fb0000 - 0x00007ffff5fba000 	C:\Windows\System32\rasadhlp.dll
0x00007ffff6cc0000 - 0x00007ffff6d43000 	C:\WINDOWS\System32\fwpuclnt.dll
0x00007fffa0ba0000 - 0x00007fffa0ba9000 	C:\Users\ferra\.vscode\extensions\redhat.java-1.33.0-win32-x64\jre\17.0.11-win32-x86_64\bin\extnet.dll

dbghelp: loaded successfully - version: 4.0.5 - missing functions: none
symbol engine: initialized successfully - sym options: 0x614 - pdb path: .;c:\Users\ferra\.vscode\extensions\redhat.java-1.33.0-win32-x64\jre\17.0.11-win32-x86_64\bin;C:\WINDOWS\SYSTEM32;C:\WINDOWS\WinSxS\amd64_microsoft.windows.common-controls_6595b64144ccf1df_6.0.22621.3672_none_2713b9d173822955;c:\Users\ferra\.vscode\extensions\redhat.java-1.33.0-win32-x64\jre\17.0.11-win32-x86_64\bin\server;C:\Program Files\Bonjour

VM Arguments:
jvm_args: -Xmx1024m -Dsts.lsp.client=vscode -Dsts.log.file=/dev/null -XX:TieredStopAtLevel=1 -Xlog:jni+resolve=off -Dspring.config.location=file:c:\Users\ferra\.vscode\extensions\vmware.vscode-spring-boot-1.56.0\language-server\BOOT-INF\classes\application.properties 
java_command: org.springframework.ide.vscode.boot.app.BootLanguageServerBootApp
java_class_path (initial): c:\Users\ferra\.vscode\extensions\vmware.vscode-spring-boot-1.56.0\language-server\BOOT-INF\classes;c:\Users\ferra\.vscode\extensions\vmware.vscode-spring-boot-1.56.0\language-server\BOOT-INF\lib\annotations-24.1.0.jar;c:\Users\ferra\.vscode\extensions\vmware.vscode-spring-boot-1.56.0\language-server\BOOT-INF\lib\antlr4-runtime-4.13.1.jar;c:\Users\ferra\.vscode\extensions\vmware.vscode-spring-boot-1.56.0\language-server\BOOT-INF\lib\asm-9.7.jar;c:\Users\ferra\.vscode\extensions\vmware.vscode-spring-boot-1.56.0\language-server\BOOT-INF\lib\asm-analysis-9.7.jar;c:\Users\ferra\.vscode\extensions\vmware.vscode-spring-boot-1.56.0\language-server\BOOT-INF\lib\asm-tree-9.7.jar;c:\Users\ferra\.vscode\extensions\vmware.vscode-spring-boot-1.56.0\language-server\BOOT-INF\lib\asm-util-9.7.jar;c:\Users\ferra\.vscode\extensions\vmware.vscode-spring-boot-1.56.0\language-server\BOOT-INF\lib\caffeine-3.1.8.jar;c:\Users\ferra\.vscode\extensions\vmware.vscode-spring-boot-1.56.0\language-server\BOOT-INF\lib\checker-qual-3.12.0.jar;c:\Users\ferra\.vscode\extensions\vmware.vscode-spring-boot-1.56.0\language-server\BOOT-INF\lib\classgraph-4.8.149.jar;c:\Users\ferra\.vscode\extensions\vmware.vscode-spring-boot-1.56.0\language-server\BOOT-INF\lib\commons-codec-1.16.1.jar;c:\Users\ferra\.vscode\extensions\vmware.vscode-spring-boot-1.56.0\language-server\BOOT-INF\lib\commons-compress-1.26.2.jar;c:\Users\ferra\.vscode\extensions\vmware.vscode-spring-boot-1.56.0\language-server\BOOT-INF\lib\commons-io-2.16.1.jar;c:\Users\ferra\.vscode\extensions\vmware.vscode-spring-boot-1.56.0\language-server\BOOT-INF\lib\commons-java-1.56.0-SNAPSHOT.jar;c:\Users\ferra\.vscode\extensions\vmware.vscode-spring-boot-1.56.0\language-server\BOOT-INF\lib\commons-lang3-3.14.0.jar;c:\Users\ferra\.vscode\extensions\vmware.vscode-spring-boot-1.56.0\language-server\BOOT-INF\lib\commons-language-server-1.56.0-SNAPSHOT.jar;c:\Users\ferra\.vscode\extensions\vmware.vscode-spring-boot-1.56.0\langu
Launcher Type: SUN_STANDARD

[Global flags]
     intx CICompilerCount                          = 12                                        {product} {ergonomic}
     uint ConcGCThreads                            = 3                                         {product} {ergonomic}
     uint G1ConcRefinementThreads                  = 13                                        {product} {ergonomic}
   size_t G1HeapRegionSize                         = 1048576                                   {product} {ergonomic}
    uintx GCDrainStackTargetSize                   = 64                                        {product} {ergonomic}
   size_t InitialHeapSize                          = 266338304                                 {product} {ergonomic}
   size_t MarkStackSize                            = 4194304                                   {product} {ergonomic}
   size_t MaxHeapSize                              = 1073741824                                {product} {command line}
   size_t MaxNewSize                               = 643825664                                 {product} {ergonomic}
   size_t MinHeapDeltaBytes                        = 1048576                                   {product} {ergonomic}
   size_t MinHeapSize                              = 8388608                                   {product} {ergonomic}
    uintx NonProfiledCodeHeapSize                  = 0                                      {pd product} {ergonomic}
     bool ProfileInterpreter                       = false                                  {pd product} {command line}
    uintx ProfiledCodeHeapSize                     = 0                                      {pd product} {ergonomic}
   size_t SoftMaxHeapSize                          = 1073741824                             {manageable} {ergonomic}
     intx TieredStopAtLevel                        = 1                                         {product} {command line}
     bool UseCompressedClassPointers               = true                           {product lp64_product} {ergonomic}
     bool UseCompressedOops                        = true                           {product lp64_product} {ergonomic}
     bool UseG1GC                                  = true                                      {product} {ergonomic}
     bool UseLargePagesIndividualAllocation        = false                                  {pd product} {ergonomic}

Logging:
Log output configuration:
 #0: stdout all=warning,jni+resolve=off uptime,level,tags
 #1: stderr all=off uptime,level,tags

Environment Variables:
JAVA_HOME=C:\Program Files\Java\jdk-19
PATH=C:\Users\ferra\AppData\Local\Programs\Python\Python311\Scripts\;C:\Users\ferra\AppData\Local\Programs\Python\Python311\;C:\Users\ferra\AppData\Local\Program;C:\Program Files\Java\jdk-19\bin;C:\Program Files (x86)\NVIDIA Corporation\PhysX\Common;C:\Program Files\NVIDIA Corporation\NVIDIA NvDLISR;C:\Program Files\nodejs\;C:\ProgramData\chocolatey\bin;C:\Program Files\Docker\Docker\resources\bin;C:\Windows\System32;C:\Program Files\dotnet\;C:\Program Files\Java\jdk-19\bin;C:\Users\ferra\scoop\apps\gcc\current\bin;C:\Users\ferra\scoop\shims;C:\Users\ferra\AppData\Local\Programs\Python\Python311\Scripts\;C:\Users\ferra\AppData\Local\Programs\Python\Python311\;C:\Users\ferra\AppData\Local\Programs\Python\Python310\Scripts\;C:\Users\ferra\AppData\Local\Programs\Python\Python310\;C:\Program Files\MySQL\MySQL Shell 8.0\bin\;C:\Users\ferra\AppData\Local\Microsoft\WindowsApps;C:\Users\ferra\AppData\Local\Programs\Microsoft VS Code\bin;C:\WinNMP\bin;C:\Users\ferra\AppData\Local\Programs\Python\Python310\Scripts;C:\Users\ferra\AppData\Roaming\npm;C:\Users\ferra\AppData\Local\Programs\oh-my-posh\bin;C:\Users\ferra\AppData\Local\GitHubDesktop\bin
USERNAME=Giampiero Ferraro
OS=Windows_NT
PROCESSOR_IDENTIFIER=Intel64 Family 6 Model 141 Stepping 1, GenuineIntel
TMP=C:\Users\ferra\AppData\Local\Temp
TEMP=C:\Users\ferra\AppData\Local\Temp



Periodic native trim disabled


---------------  S Y S T E M  ---------------

OS:
 Windows 11 , 64 bit Build 22621 (10.0.22621.3958)
OS uptime: 0 days 0:22 hours
Hyper-V role detected

CPU: total 16 (initial active 16) (8 cores per cpu, 2 threads per core) family 6 model 141 stepping 1 microcode 0x3c, cx8, cmov, fxsr, ht, mmx, 3dnowpref, sse, sse2, sse3, ssse3, sse4.1, sse4.2, popcnt, lzcnt, tsc, tscinvbit, avx, avx2, aes, erms, clmul, bmi1, bmi2, adx, avx512f, avx512dq, avx512cd, avx512bw, avx512vl, sha, fma, vzeroupper, avx512_vpopcntdq, avx512_vpclmulqdq, avx512_vaes, avx512_vnni, clflush, clflushopt, clwb, avx512_vbmi2, avx512_vbmi, hv
Processor Information for processor 0
  Max Mhz: 2496, Current Mhz: 998, Mhz Limit: 2496
Processor Information for processor 1
  Max Mhz: 2496, Current Mhz: 2496, Mhz Limit: 2496
Processor Information for processor 2
  Max Mhz: 2496, Current Mhz: 2496, Mhz Limit: 2496
Processor Information for processor 3
  Max Mhz: 2496, Current Mhz: 2496, Mhz Limit: 2496
Processor Information for processor 4
  Max Mhz: 2496, Current Mhz: 2496, Mhz Limit: 2496
Processor Information for processor 5
  Max Mhz: 2496, Current Mhz: 2496, Mhz Limit: 2496
Processor Information for processor 6
  Max Mhz: 2496, Current Mhz: 2496, Mhz Limit: 2496
Processor Information for processor 7
  Max Mhz: 2496, Current Mhz: 998, Mhz Limit: 2496
Processor Information for processor 8
  Max Mhz: 2496, Current Mhz: 2496, Mhz Limit: 2496
Processor Information for processor 9
  Max Mhz: 2496, Current Mhz: 2496, Mhz Limit: 2496
Processor Information for processor 10
  Max Mhz: 2496, Current Mhz: 998, Mhz Limit: 2496
Processor Information for processor 11
  Max Mhz: 2496, Current Mhz: 2496, Mhz Limit: 2496
Processor Information for processor 12
  Max Mhz: 2496, Current Mhz: 2496, Mhz Limit: 2496
Processor Information for processor 13
  Max Mhz: 2496, Current Mhz: 998, Mhz Limit: 2496
Processor Information for processor 14
  Max Mhz: 2496, Current Mhz: 2496, Mhz Limit: 2496
Processor Information for processor 15
  Max Mhz: 2496, Current Mhz: 998, Mhz Limit: 2496

Memory: 4k page, system-wide physical 16147M (1410M free)
TotalPageFile size 19061M (AvailPageFile size 5M)
current process WorkingSet (physical memory assigned to process): 243M, peak: 274M
current process commit charge ("private bytes"): 294M, peak: 377M

vm_info: OpenJDK 64-Bit Server VM (17.0.11+9) for windows-amd64 JRE (17.0.11+9), built on Apr 17 2024 06:07:48 by "admin" with MS VC++ 16.10 / 16.11 (VS2019)

END.
